
04/07/26, 11:59:30 PM - ERROR: Download of “https://airton.shop/api/collect”, referred from “/Users/nimeshranjan/Downloads/us.sitesucker.mac.sitesucker-pro/airton.shop/index.html”, failed with error code 404 (not found)
04/07/26, 11:59:30 PM - ERROR: Download of “https://airton.shop/api/collect”, referred from “/Users/nimeshranjan/Downloads/us.sitesucker.mac.sitesucker-pro/airton.shop/collections/module-wifi.html”, failed with error code 404 (not found)
04/07/26, 11:59:30 PM - ERROR: Download of “https://airton.shop/api/collect”, referred from “/Users/nimeshranjan/Downloads/us.sitesucker.mac.sitesucker-pro/airton.shop/products/liaison-ready-clim.html”, failed with error code 404 (not found)
04/07/26, 11:59:30 PM - ERROR: Download of “https://airton.shop/api/collect”, referred from “/Users/nimeshranjan/Downloads/us.sitesucker.mac.sitesucker-pro/airton.shop/products/monobloc-star-12hp-2-4-kw.html”, failed with error code 404 (not found)
04/07/26, 11:59:30 PM - ERROR: Download of “https://airton.shop/api/collect”, referred from “/Users/nimeshranjan/Downloads/us.sitesucker.mac.sitesucker-pro/airton.shop/collections/climatiseur-reversible-pompe-chaleur-air-air.html”, failed with error code 404 (not found)
04/07/26, 11:59:30 PM - ERROR: Download of “https://airton.shop/api/collect”, referred from “/Users/nimeshranjan/Downloads/us.sitesucker.mac.sitesucker-pro/airton.shop/collections/cache-climatiseur.html”, failed with error code 404 (not found)
04/07/26, 11:59:31 PM - ERROR: Download of “https://airton.shop/api/collect”, referred from “/Users/nimeshranjan/Downloads/us.sitesucker.mac.sitesucker-pro/airton.shop/collections/accessoires-installation-climatiseur-reversible.html”, failed with error code 404 (not found)
04/07/26, 11:59:31 PM - ERROR: Download of “https://airton.shop/api/collect”, referred from “/Users/nimeshranjan/Downloads/us.sitesucker.mac.sitesucker-pro/airton.shop/collections/entretiens.html”, failed with error code 404 (not found)
04/07/26, 11:59:31 PM - ERROR: Download of “https://airton.shop/api/collect”, referred from “/Users/nimeshranjan/Downloads/us.sitesucker.mac.sitesucker-pro/airton.shop/products/cle-module-wifi-airton.html”, failed with error code 404 (not found)
04/07/26, 11:59:31 PM - ERROR: Download of “https://airton.shop/api/collect”, referred from “/Users/nimeshranjan/Downloads/us.sitesucker.mac.sitesucker-pro/airton.shop/products/climatiseur-fixe-reversible.html”, failed with error code 404 (not found)
04/07/26, 11:59:31 PM - ERROR: Download of “https://airton.shop/api/collect”, referred from “/Users/nimeshranjan/Downloads/us.sitesucker.mac.sitesucker-pro/airton.shop/products/cache-clim.html”, failed with error code 404 (not found)
04/07/26, 11:59:31 PM - ERROR: Download of “https://airton.shop/api/collect”, referred from “/Users/nimeshranjan/Downloads/us.sitesucker.mac.sitesucker-pro/airton.shop/products/support-mural-reglable-a-niveau-integre.html”, failed with error code 404 (not found)
04/07/26, 11:59:31 PM - ERROR: Download of “https://airton.shop/api/collect”, referred from “/Users/nimeshranjan/Downloads/us.sitesucker.mac.sitesucker-pro/airton.shop/products/airton-connecteur-r32-union-raccord-inter-liaison-readyclim-1-4-3-8.html”, failed with error code 404 (not found)
04/07/26, 11:59:31 PM - ERROR: Download of “https://airton.shop/api/collect”, referred from “/Users/nimeshranjan/Downloads/us.sitesucker.mac.sitesucker-pro/airton.shop/products/pompe-a-chaleur-climatiseur-bisplit.html”, failed with error code 404 (not found)
04/07/26, 11:59:32 PM - ERROR: Download of “https://airton.shop/api/collect”, referred from “/Users/nimeshranjan/Downloads/us.sitesucker.mac.sitesucker-pro/airton.shop/products/demande-devis-installation.html”, failed with error code 404 (not found)
04/07/26, 11:59:32 PM - ERROR: Download of “https://airton.shop/api/collect”, referred from “/Users/nimeshranjan/Downloads/us.sitesucker.mac.sitesucker-pro/airton.shop/products/support-mural-traditionnel-avec-equerres.html”, failed with error code 404 (not found)
04/07/26, 11:59:32 PM - ERROR: Download of “https://airton.shop/api/collect”, referred from “/Users/nimeshranjan/Downloads/us.sitesucker.mac.sitesucker-pro/airton.shop/pages/pack-serenite.html”, failed with error code 404 (not found)
04/07/26, 11:59:32 PM - ERROR: Download of “https://airton.shop/api/collect”, referred from “/Users/nimeshranjan/Downloads/us.sitesucker.mac.sitesucker-pro/airton.shop/pages/garantie-premium.html”, failed with error code 404 (not found)
04/07/26, 11:59:32 PM - ERROR: Download of “https://airton.shop/api/collect”, referred from “/Users/nimeshranjan/Downloads/us.sitesucker.mac.sitesucker-pro/airton.shop/products/contrat-entretien-annuel.html”, failed with error code 404 (not found)
04/07/26, 11:59:32 PM - ERROR: Download of “https://airton.shop/api/collect”, referred from “/Users/nimeshranjan/Downloads/us.sitesucker.mac.sitesucker-pro/airton.shop/pages/a-propos.html”, failed with error code 404 (not found)
04/07/26, 11:59:32 PM - ERROR: Download of “https://airton.shop/api/collect”, referred from “/Users/nimeshranjan/Downloads/us.sitesucker.mac.sitesucker-pro/airton.shop/pages/avis-clients-trustpilot.html”, failed with error code 404 (not found)
04/07/26, 11:59:32 PM - ERROR: Download of “https://airton.shop/api/collect”, referred from “/Users/nimeshranjan/Downloads/us.sitesucker.mac.sitesucker-pro/airton.shop/pages/livraison.html”, failed with error code 404 (not found)
04/07/26, 11:59:32 PM - ERROR: Download of “https://airton.shop/api/collect”, referred from “/Users/nimeshranjan/Downloads/us.sitesucker.mac.sitesucker-pro/airton.shop/pages/contact.html”, failed with error code 404 (not found)
04/07/26, 11:59:32 PM - ERROR: Download of “https://airton.shop/api/collect”, referred from “/Users/nimeshranjan/Downloads/us.sitesucker.mac.sitesucker-pro/airton.shop/pages/questions-frequentes.html”, failed with error code 404 (not found)
04/07/26, 11:59:32 PM - ERROR: Download of “https://airton.shop/api/collect”, referred from “/Users/nimeshranjan/Downloads/us.sitesucker.mac.sitesucker-pro/airton.shop/pages/sav.html”, failed with error code 404 (not found)
04/07/26, 11:59:32 PM - ERROR: Download of “https://airton.shop/api/collect”, referred from “/Users/nimeshranjan/Downloads/us.sitesucker.mac.sitesucker-pro/airton.shop/search.html”, failed with error code 404 (not found)
04/07/26, 11:59:33 PM - ERROR: Download of “https://airton.shop/api/collect”, referred from “/Users/nimeshranjan/Downloads/us.sitesucker.mac.sitesucker-pro/airton.shop/cart.html”, failed with error code 404 (not found)

---------------------

04/07/26, 11:59:57 PM - ERROR: Download of “https://fonts.shopifycdn.com”, referred from “/Users/nimeshranjan/Downloads/us.sitesucker.mac.sitesucker-pro/airton.shop/index.html”, failed with error code 404 (not found)
04/07/26, 11:59:58 PM - ERROR: Download of “https://airton.shop/api/collect”, referred from “/Users/nimeshranjan/Downloads/us.sitesucker.mac.sitesucker-pro/airton.shop/index.html”, failed with error code 404 (not found)
04/07/26, 11:59:58 PM - ERROR: Download of “https://fonts.shopifycdn.com”, referred from “/Users/nimeshranjan/Downloads/us.sitesucker.mac.sitesucker-pro/airton.shop/collections/climatiseur-reversible-pompe-chaleur-air-air.html”, failed with error code 404 (not found)
04/07/26, 11:59:58 PM - ERROR: Download of “https://fonts.shopifycdn.com”, referred from “/Users/nimeshranjan/Downloads/us.sitesucker.mac.sitesucker-pro/airton.shop/products/monobloc-star-12hp-2-4-kw.html”, failed with error code 404 (not found)
04/07/26, 11:59:58 PM - ERROR: Download of “https://fonts.shopifycdn.com”, referred from “/Users/nimeshranjan/Downloads/us.sitesucker.mac.sitesucker-pro/airton.shop/collections/cache-climatiseur.html”, failed with error code 404 (not found)
04/07/26, 11:59:58 PM - ERROR: Download of “https://airton.shop/api/collect”, referred from “/Users/nimeshranjan/Downloads/us.sitesucker.mac.sitesucker-pro/airton.shop/collections/climatiseur-reversible-pompe-chaleur-air-air.html”, failed with error code 404 (not found)
04/07/26, 11:59:58 PM - ERROR: Download of “https://airton.shop/api/collect”, referred from “/Users/nimeshranjan/Downloads/us.sitesucker.mac.sitesucker-pro/airton.shop/products/monobloc-star-12hp-2-4-kw.html”, failed with error code 404 (not found)
04/07/26, 11:59:58 PM - ERROR: Download of “https://airton.shop/api/collect”, referred from “/Users/nimeshranjan/Downloads/us.sitesucker.mac.sitesucker-pro/airton.shop/collections/cache-climatiseur.html”, failed with error code 404 (not found)
04/07/26, 11:59:58 PM - ERROR: Download of “https://fonts.shopifycdn.com”, referred from “/Users/nimeshranjan/Downloads/us.sitesucker.mac.sitesucker-pro/airton.shop/products/liaison-ready-clim.html”, failed with error code 404 (not found)
04/07/26, 11:59:58 PM - ERROR: Download of “https://airton.shop/api/collect”, referred from “/Users/nimeshranjan/Downloads/us.sitesucker.mac.sitesucker-pro/airton.shop/products/liaison-ready-clim.html”, failed with error code 404 (not found)
04/07/26, 11:59:58 PM - ERROR: Download of “https://fonts.shopifycdn.com”, referred from “/Users/nimeshranjan/Downloads/us.sitesucker.mac.sitesucker-pro/airton.shop/collections/module-wifi.html”, failed with error code 404 (not found)
04/07/26, 11:59:58 PM - ERROR: Download of “https://airton.shop/api/collect”, referred from “/Users/nimeshranjan/Downloads/us.sitesucker.mac.sitesucker-pro/airton.shop/collections/module-wifi.html”, failed with error code 404 (not found)
04/07/26, 11:59:58 PM - ERROR: Download of “https://fonts.shopifycdn.com”, referred from “/Users/nimeshranjan/Downloads/us.sitesucker.mac.sitesucker-pro/airton.shop/collections/accessoires-installation-climatiseur-reversible.html”, failed with error code 404 (not found)
04/07/26, 11:59:58 PM - ERROR: Download of “https://airton.shop/api/collect”, referred from “/Users/nimeshranjan/Downloads/us.sitesucker.mac.sitesucker-pro/airton.shop/collections/accessoires-installation-climatiseur-reversible.html”, failed with error code 404 (not found)
04/07/26, 11:59:59 PM - ERROR: Download of “https://fonts.shopifycdn.com”, referred from “/Users/nimeshranjan/Downloads/us.sitesucker.mac.sitesucker-pro/airton.shop/collections/entretiens.html”, failed with error code 404 (not found)
04/07/26, 11:59:59 PM - ERROR: Download of “https://airton.shop/api/collect”, referred from “/Users/nimeshranjan/Downloads/us.sitesucker.mac.sitesucker-pro/airton.shop/collections/entretiens.html”, failed with error code 404 (not found)
04/07/26, 11:59:59 PM - ERROR: Download of “https://fonts.shopifycdn.com”, referred from “/Users/nimeshranjan/Downloads/us.sitesucker.mac.sitesucker-pro/airton.shop/products/climatiseur-fixe-reversible.html”, failed with error code 404 (not found)
04/07/26, 11:59:59 PM - ERROR: Download of “https://fonts.shopifycdn.com”, referred from “/Users/nimeshranjan/Downloads/us.sitesucker.mac.sitesucker-pro/airton.shop/products/cle-module-wifi-airton.html”, failed with error code 404 (not found)
04/07/26, 11:59:59 PM - ERROR: Download of “https://airton.shop/api/collect”, referred from “/Users/nimeshranjan/Downloads/us.sitesucker.mac.sitesucker-pro/airton.shop/products/climatiseur-fixe-reversible.html”, failed with error code 404 (not found)
04/07/26, 11:59:59 PM - ERROR: Download of “https://airton.shop/api/collect”, referred from “/Users/nimeshranjan/Downloads/us.sitesucker.mac.sitesucker-pro/airton.shop/products/cle-module-wifi-airton.html”, failed with error code 404 (not found)
04/07/26, 11:59:59 PM - ERROR: Download of “https://fonts.shopifycdn.com”, referred from “/Users/nimeshranjan/Downloads/us.sitesucker.mac.sitesucker-pro/airton.shop/products/cache-clim.html”, failed with error code 404 (not found)
04/07/26, 11:59:59 PM - ERROR: Download of “https://airton.shop/api/collect”, referred from “/Users/nimeshranjan/Downloads/us.sitesucker.mac.sitesucker-pro/airton.shop/products/cache-clim.html”, failed with error code 404 (not found)
04/07/26, 11:59:59 PM - ERROR: Download of “https://fonts.shopifycdn.com”, referred from “/Users/nimeshranjan/Downloads/us.sitesucker.mac.sitesucker-pro/airton.shop/products/support-mural-reglable-a-niveau-integre.html”, failed with error code 404 (not found)
04/07/26, 11:59:59 PM - ERROR: Download of “https://fonts.shopifycdn.com”, referred from “/Users/nimeshranjan/Downloads/us.sitesucker.mac.sitesucker-pro/airton.shop/products/airton-connecteur-r32-union-raccord-inter-liaison-readyclim-1-4-3-8.html”, failed with error code 404 (not found)
04/07/26, 11:59:59 PM - ERROR: Download of “https://airton.shop/api/collect”, referred from “/Users/nimeshranjan/Downloads/us.sitesucker.mac.sitesucker-pro/airton.shop/products/airton-connecteur-r32-union-raccord-inter-liaison-readyclim-1-4-3-8.html”, failed with error code 404 (not found)
04/07/26, 11:59:59 PM - ERROR: Download of “https://airton.shop/api/collect”, referred from “/Users/nimeshranjan/Downloads/us.sitesucker.mac.sitesucker-pro/airton.shop/products/support-mural-reglable-a-niveau-integre.html”, failed with error code 404 (not found)
04/07/26, 11:59:59 PM - ERROR: Download of “https://fonts.shopifycdn.com”, referred from “/Users/nimeshranjan/Downloads/us.sitesucker.mac.sitesucker-pro/airton.shop/products/pompe-a-chaleur-climatiseur-bisplit.html”, failed with error code 404 (not found)
04/07/26, 11:59:59 PM - ERROR: Download of “https://airton.shop/api/collect”, referred from “/Users/nimeshranjan/Downloads/us.sitesucker.mac.sitesucker-pro/airton.shop/products/pompe-a-chaleur-climatiseur-bisplit.html”, failed with error code 404 (not found)
04/07/26, 11:59:59 PM - ERROR: Download of “https://fonts.shopifycdn.com”, referred from “/Users/nimeshranjan/Downloads/us.sitesucker.mac.sitesucker-pro/airton.shop/products/support-mural-traditionnel-avec-equerres.html”, failed with error code 404 (not found)
04/07/26, 11:59:59 PM - ERROR: Download of “https://airton.shop/api/collect”, referred from “/Users/nimeshranjan/Downloads/us.sitesucker.mac.sitesucker-pro/airton.shop/products/support-mural-traditionnel-avec-equerres.html”, failed with error code 404 (not found)
04/07/26, 11:59:59 PM - ERROR: Download of “https://fonts.shopifycdn.com”, referred from “/Users/nimeshranjan/Downloads/us.sitesucker.mac.sitesucker-pro/airton.shop/products/demande-devis-installation.html”, failed with error code 404 (not found)
04/07/26, 11:59:59 PM - ERROR: Download of “https://airton.shop/api/collect”, referred from “/Users/nimeshranjan/Downloads/us.sitesucker.mac.sitesucker-pro/airton.shop/products/demande-devis-installation.html”, failed with error code 404 (not found)
04/07/26, 11:59:59 PM - ERROR: Download of “https://monorail-edge.shopifysvc.com”, referred from “/Users/nimeshranjan/Downloads/us.sitesucker.mac.sitesucker-pro/airton.shop/products/cache-clim.html”, failed with error code 404 (not found)
04/07/26, 11:59:59 PM - ERROR: Download of “https://monorail-edge.shopifysvc.com”, referred from “/Users/nimeshranjan/Downloads/us.sitesucker.mac.sitesucker-pro/airton.shop/products/pompe-a-chaleur-climatiseur-bisplit.html”, failed with error code 404 (not found)
04/07/26, 11:59:59 PM - ERROR: Download of “https://monorail-edge.shopifysvc.com”, referred from “/Users/nimeshranjan/Downloads/us.sitesucker.mac.sitesucker-pro/airton.shop/products/demande-devis-installation.html”, failed with error code 404 (not found)
04/07/26, 11:59:59 PM - ERROR: Download of “https://monorail-edge.shopifysvc.com”, referred from “/Users/nimeshranjan/Downloads/us.sitesucker.mac.sitesucker-pro/airton.shop/products/climatiseur-fixe-reversible.html”, failed with error code 404 (not found)
04/07/26, 11:59:59 PM - ERROR: Download of “https://monorail-edge.shopifysvc.com”, referred from “/Users/nimeshranjan/Downloads/us.sitesucker.mac.sitesucker-pro/airton.shop/collections/entretiens.html”, failed with error code 404 (not found)
04/07/26, 11:59:59 PM - ERROR: Download of “https://monorail-edge.shopifysvc.com”, referred from “/Users/nimeshranjan/Downloads/us.sitesucker.mac.sitesucker-pro/airton.shop/products/airton-connecteur-r32-union-raccord-inter-liaison-readyclim-1-4-3-8.html”, failed with error code 404 (not found)
04/07/26, 11:59:59 PM - ERROR: Download of “https://monorail-edge.shopifysvc.com”, referred from “/Users/nimeshranjan/Downloads/us.sitesucker.mac.sitesucker-pro/airton.shop/products/monobloc-star-12hp-2-4-kw.html”, failed with error code 404 (not found)
04/07/26, 11:59:59 PM - ERROR: Download of “https://monorail-edge.shopifysvc.com”, referred from “/Users/nimeshranjan/Downloads/us.sitesucker.mac.sitesucker-pro/airton.shop/products/support-mural-traditionnel-avec-equerres.html”, failed with error code 404 (not found)
04/07/26, 11:59:59 PM - ERROR: Download of “https://monorail-edge.shopifysvc.com”, referred from “/Users/nimeshranjan/Downloads/us.sitesucker.mac.sitesucker-pro/airton.shop/products/support-mural-reglable-a-niveau-integre.html”, failed with error code 404 (not found)
04/07/26, 11:59:59 PM - ERROR: Download of “https://monorail-edge.shopifysvc.com”, referred from “/Users/nimeshranjan/Downloads/us.sitesucker.mac.sitesucker-pro/airton.shop/products/cle-module-wifi-airton.html”, failed with error code 404 (not found)
04/07/26, 11:59:59 PM - ERROR: Download of “https://monorail-edge.shopifysvc.com”, referred from “/Users/nimeshranjan/Downloads/us.sitesucker.mac.sitesucker-pro/airton.shop/collections/module-wifi.html”, failed with error code 404 (not found)
04/07/26, 11:59:59 PM - ERROR: Download of “https://monorail-edge.shopifysvc.com”, referred from “/Users/nimeshranjan/Downloads/us.sitesucker.mac.sitesucker-pro/airton.shop/collections/cache-climatiseur.html”, failed with error code 404 (not found)
04/07/26, 11:59:59 PM - ERROR: Download of “https://monorail-edge.shopifysvc.com”, referred from “/Users/nimeshranjan/Downloads/us.sitesucker.mac.sitesucker-pro/airton.shop/products/liaison-ready-clim.html”, failed with error code 404 (not found)
04/07/26, 11:59:59 PM - ERROR: Download of “https://monorail-edge.shopifysvc.com”, referred from “/Users/nimeshranjan/Downloads/us.sitesucker.mac.sitesucker-pro/airton.shop/collections/accessoires-installation-climatiseur-reversible.html”, failed with error code 404 (not found)
04/07/26, 11:59:59 PM - ERROR: Download of “https://monorail-edge.shopifysvc.com”, referred from “/Users/nimeshranjan/Downloads/us.sitesucker.mac.sitesucker-pro/airton.shop/collections/climatiseur-reversible-pompe-chaleur-air-air.html”, failed with error code 404 (not found)
04/07/26, 11:59:59 PM - ERROR: Download of “https://monorail-edge.shopifysvc.com”, referred from “/Users/nimeshranjan/Downloads/us.sitesucker.mac.sitesucker-pro/airton.shop/index.html”, failed with error code 404 (not found)
04/07/26, 11:59:59 PM - ERROR: Download of “https://fonts.shopifycdn.com”, referred from “/Users/nimeshranjan/Downloads/us.sitesucker.mac.sitesucker-pro/airton.shop/pages/pack-serenite.html”, failed with error code 404 (not found)
04/07/26, 11:59:59 PM - ERROR: Download of “https://monorail-edge.shopifysvc.com”, referred from “/Users/nimeshranjan/Downloads/us.sitesucker.mac.sitesucker-pro/airton.shop/pages/pack-serenite.html”, failed with error code 404 (not found)
04/07/26, 11:59:59 PM - ERROR: Download of “https://airton.shop/api/collect”, referred from “/Users/nimeshranjan/Downloads/us.sitesucker.mac.sitesucker-pro/airton.shop/pages/pack-serenite.html”, failed with error code 404 (not found)
04/07/26, 11:59:59 PM - ERROR: Download of “https://fonts.shopifycdn.com”, referred from “/Users/nimeshranjan/Downloads/us.sitesucker.mac.sitesucker-pro/airton.shop/pages/garantie-premium.html”, failed with error code 404 (not found)
04/07/26, 11:59:59 PM - ERROR: Download of “https://fonts.shopifycdn.com”, referred from “/Users/nimeshranjan/Downloads/us.sitesucker.mac.sitesucker-pro/airton.shop/products/contrat-entretien-annuel.html”, failed with error code 404 (not found)
04/07/26, 11:59:59 PM - ERROR: Download of “https://monorail-edge.shopifysvc.com”, referred from “/Users/nimeshranjan/Downloads/us.sitesucker.mac.sitesucker-pro/airton.shop/pages/garantie-premium.html”, failed with error code 404 (not found)
04/07/26, 11:59:59 PM - ERROR: Download of “https://airton.shop/api/collect”, referred from “/Users/nimeshranjan/Downloads/us.sitesucker.mac.sitesucker-pro/airton.shop/pages/garantie-premium.html”, failed with error code 404 (not found)
04/07/26, 11:59:59 PM - ERROR: Download of “https://monorail-edge.shopifysvc.com”, referred from “/Users/nimeshranjan/Downloads/us.sitesucker.mac.sitesucker-pro/airton.shop/products/contrat-entretien-annuel.html”, failed with error code 404 (not found)
04/07/26, 11:59:59 PM - ERROR: Download of “https://airton.shop/api/collect”, referred from “/Users/nimeshranjan/Downloads/us.sitesucker.mac.sitesucker-pro/airton.shop/products/contrat-entretien-annuel.html”, failed with error code 404 (not found)
05/07/26, 12:00:00 AM - ERROR: Download of “https://fonts.shopifycdn.com”, referred from “/Users/nimeshranjan/Downloads/us.sitesucker.mac.sitesucker-pro/airton.shop/pages/a-propos.html”, failed with error code 404 (not found)
05/07/26, 12:00:00 AM - ERROR: Download of “https://fonts.shopifycdn.com”, referred from “/Users/nimeshranjan/Downloads/us.sitesucker.mac.sitesucker-pro/airton.shop/pages/livraison.html”, failed with error code 404 (not found)
05/07/26, 12:00:00 AM - ERROR: Download of “https://monorail-edge.shopifysvc.com”, referred from “/Users/nimeshranjan/Downloads/us.sitesucker.mac.sitesucker-pro/airton.shop/pages/a-propos.html”, failed with error code 404 (not found)
05/07/26, 12:00:00 AM - ERROR: Download of “https://airton.shop/api/collect”, referred from “/Users/nimeshranjan/Downloads/us.sitesucker.mac.sitesucker-pro/airton.shop/pages/a-propos.html”, failed with error code 404 (not found)
05/07/26, 12:00:00 AM - ERROR: Download of “https://monorail-edge.shopifysvc.com”, referred from “/Users/nimeshranjan/Downloads/us.sitesucker.mac.sitesucker-pro/airton.shop/pages/livraison.html”, failed with error code 404 (not found)
05/07/26, 12:00:00 AM - ERROR: Download of “https://airton.shop/api/collect”, referred from “/Users/nimeshranjan/Downloads/us.sitesucker.mac.sitesucker-pro/airton.shop/pages/livraison.html”, failed with error code 404 (not found)
05/07/26, 12:00:00 AM - ERROR: Download of “https://fonts.shopifycdn.com”, referred from “/Users/nimeshranjan/Downloads/us.sitesucker.mac.sitesucker-pro/airton.shop/pages/avis-clients-trustpilot.html”, failed with error code 404 (not found)
05/07/26, 12:00:00 AM - ERROR: Download of “https://monorail-edge.shopifysvc.com”, referred from “/Users/nimeshranjan/Downloads/us.sitesucker.mac.sitesucker-pro/airton.shop/pages/avis-clients-trustpilot.html”, failed with error code 404 (not found)
05/07/26, 12:00:00 AM - ERROR: Download of “https://airton.shop/api/collect”, referred from “/Users/nimeshranjan/Downloads/us.sitesucker.mac.sitesucker-pro/airton.shop/pages/avis-clients-trustpilot.html”, failed with error code 404 (not found)
05/07/26, 12:00:00 AM - ERROR: Download of “https://fonts.shopifycdn.com”, referred from “/Users/nimeshranjan/Downloads/us.sitesucker.mac.sitesucker-pro/airton.shop/pages/contact.html”, failed with error code 404 (not found)
05/07/26, 12:00:00 AM - ERROR: Download of “https://monorail-edge.shopifysvc.com”, referred from “/Users/nimeshranjan/Downloads/us.sitesucker.mac.sitesucker-pro/airton.shop/pages/contact.html”, failed with error code 404 (not found)
05/07/26, 12:00:00 AM - ERROR: Download of “https://airton.shop/api/collect”, referred from “/Users/nimeshranjan/Downloads/us.sitesucker.mac.sitesucker-pro/airton.shop/pages/contact.html”, failed with error code 404 (not found)
05/07/26, 12:00:00 AM - ERROR: Download of “https://fonts.shopifycdn.com”, referred from “/Users/nimeshranjan/Downloads/us.sitesucker.mac.sitesucker-pro/airton.shop/pages/sav.html”, failed with error code 404 (not found)
05/07/26, 12:00:00 AM - ERROR: Download of “https://fonts.shopifycdn.com”, referred from “/Users/nimeshranjan/Downloads/us.sitesucker.mac.sitesucker-pro/airton.shop/pages/questions-frequentes.html”, failed with error code 404 (not found)
05/07/26, 12:00:00 AM - ERROR: Download of “https://monorail-edge.shopifysvc.com”, referred from “/Users/nimeshranjan/Downloads/us.sitesucker.mac.sitesucker-pro/airton.shop/pages/sav.html”, failed with error code 404 (not found)
05/07/26, 12:00:00 AM - ERROR: Download of “https://airton.shop/api/collect”, referred from “/Users/nimeshranjan/Downloads/us.sitesucker.mac.sitesucker-pro/airton.shop/pages/sav.html”, failed with error code 404 (not found)
05/07/26, 12:00:00 AM - ERROR: Download of “https://fonts.shopifycdn.com”, referred from “/Users/nimeshranjan/Downloads/us.sitesucker.mac.sitesucker-pro/airton.shop/search.html”, failed with error code 404 (not found)
05/07/26, 12:00:00 AM - ERROR: Download of “https://monorail-edge.shopifysvc.com”, referred from “/Users/nimeshranjan/Downloads/us.sitesucker.mac.sitesucker-pro/airton.shop/pages/questions-frequentes.html”, failed with error code 404 (not found)
05/07/26, 12:00:00 AM - ERROR: Download of “https://airton.shop/api/collect”, referred from “/Users/nimeshranjan/Downloads/us.sitesucker.mac.sitesucker-pro/airton.shop/pages/questions-frequentes.html”, failed with error code 404 (not found)
05/07/26, 12:00:00 AM - ERROR: Download of “https://monorail-edge.shopifysvc.com”, referred from “/Users/nimeshranjan/Downloads/us.sitesucker.mac.sitesucker-pro/airton.shop/search.html”, failed with error code 404 (not found)
05/07/26, 12:00:00 AM - ERROR: Download of “https://airton.shop/api/collect”, referred from “/Users/nimeshranjan/Downloads/us.sitesucker.mac.sitesucker-pro/airton.shop/search.html”, failed with error code 404 (not found)
05/07/26, 12:00:00 AM - ERROR: Download of “https://fonts.shopifycdn.com”, referred from “/Users/nimeshranjan/Downloads/us.sitesucker.mac.sitesucker-pro/airton.shop/cart.html”, failed with error code 404 (not found)
05/07/26, 12:00:00 AM - ERROR: Download of “https://monorail-edge.shopifysvc.com”, referred from “/Users/nimeshranjan/Downloads/us.sitesucker.mac.sitesucker-pro/airton.shop/cart.html”, failed with error code 404 (not found)
05/07/26, 12:00:00 AM - ERROR: Download of “https://airton.shop/api/collect”, referred from “/Users/nimeshranjan/Downloads/us.sitesucker.mac.sitesucker-pro/airton.shop/cart.html”, failed with error code 404 (not found)

---------------------

05/07/26, 12:00:19 AM - ERROR: Download of “https://fonts.shopifycdn.com”, referred from “/Users/nimeshranjan/Downloads/us.sitesucker.mac.sitesucker-pro/airton.shop/collections/climatiseur-reversible-pompe-chaleur-air-air.html”, failed with error code 404 (not found)
05/07/26, 12:00:19 AM - ERROR: Download of “https://fonts.shopifycdn.com”, referred from “/Users/nimeshranjan/Downloads/us.sitesucker.mac.sitesucker-pro/airton.shop/products/monobloc-star-12hp-2-4-kw.html”, failed with error code 404 (not found)
05/07/26, 12:00:19 AM - ERROR: Download of “https://fonts.shopifycdn.com”, referred from “/Users/nimeshranjan/Downloads/us.sitesucker.mac.sitesucker-pro/airton.shop/index.html”, failed with error code 404 (not found)
05/07/26, 12:00:19 AM - ERROR: Download of “https://fonts.shopifycdn.com”, referred from “/Users/nimeshranjan/Downloads/us.sitesucker.mac.sitesucker-pro/airton.shop/collections/cache-climatiseur.html”, failed with error code 404 (not found)
05/07/26, 12:00:20 AM - ERROR: Download of “https://fonts.shopifycdn.com”, referred from “/Users/nimeshranjan/Downloads/us.sitesucker.mac.sitesucker-pro/airton.shop/products/liaison-ready-clim.html”, failed with error code 404 (not found)
05/07/26, 12:00:20 AM - ERROR: Download of “https://fonts.shopifycdn.com”, referred from “/Users/nimeshranjan/Downloads/us.sitesucker.mac.sitesucker-pro/airton.shop/collections/module-wifi.html”, failed with error code 404 (not found)
05/07/26, 12:00:20 AM - ERROR: Download of “https://fonts.shopifycdn.com”, referred from “/Users/nimeshranjan/Downloads/us.sitesucker.mac.sitesucker-pro/airton.shop/collections/accessoires-installation-climatiseur-reversible.html”, failed with error code 404 (not found)
05/07/26, 12:00:20 AM - ERROR: Download of “https://airton.shop/api/collect”, referred from “/Users/nimeshranjan/Downloads/us.sitesucker.mac.sitesucker-pro/airton.shop/index.html”, failed with error code 404 (not found)
05/07/26, 12:00:20 AM - ERROR: Download of “https://airton.shop/api/collect”, referred from “/Users/nimeshranjan/Downloads/us.sitesucker.mac.sitesucker-pro/airton.shop/collections/cache-climatiseur.html”, failed with error code 404 (not found)
05/07/26, 12:00:20 AM - ERROR: Download of “https://airton.shop/api/collect”, referred from “/Users/nimeshranjan/Downloads/us.sitesucker.mac.sitesucker-pro/airton.shop/products/liaison-ready-clim.html”, failed with error code 404 (not found)
05/07/26, 12:00:20 AM - ERROR: Download of “https://airton.shop/api/collect”, referred from “/Users/nimeshranjan/Downloads/us.sitesucker.mac.sitesucker-pro/airton.shop/collections/module-wifi.html”, failed with error code 404 (not found)
05/07/26, 12:00:20 AM - ERROR: Download of “https://airton.shop/api/collect”, referred from “/Users/nimeshranjan/Downloads/us.sitesucker.mac.sitesucker-pro/airton.shop/collections/accessoires-installation-climatiseur-reversible.html”, failed with error code 404 (not found)
05/07/26, 12:00:20 AM - ERROR: Download of “https://airton.shop/api/collect”, referred from “/Users/nimeshranjan/Downloads/us.sitesucker.mac.sitesucker-pro/airton.shop/collections/climatiseur-reversible-pompe-chaleur-air-air.html”, failed with error code 404 (not found)
05/07/26, 12:00:20 AM - ERROR: Download of “https://airton.shop/api/collect”, referred from “/Users/nimeshranjan/Downloads/us.sitesucker.mac.sitesucker-pro/airton.shop/products/monobloc-star-12hp-2-4-kw.html”, failed with error code 404 (not found)
05/07/26, 12:00:20 AM - ERROR: Download of “https://fonts.shopifycdn.com”, referred from “/Users/nimeshranjan/Downloads/us.sitesucker.mac.sitesucker-pro/airton.shop/collections/entretiens.html”, failed with error code 404 (not found)
05/07/26, 12:00:20 AM - ERROR: Download of “https://airton.shop/api/collect”, referred from “/Users/nimeshranjan/Downloads/us.sitesucker.mac.sitesucker-pro/airton.shop/collections/entretiens.html”, failed with error code 404 (not found)
05/07/26, 12:00:20 AM - ERROR: Download of “https://monorail-edge.shopifysvc.com”, referred from “/Users/nimeshranjan/Downloads/us.sitesucker.mac.sitesucker-pro/airton.shop/collections/entretiens.html”, failed with error code 404 (not found)
05/07/26, 12:00:20 AM - ERROR: Download of “https://monorail-edge.shopifysvc.com”, referred from “/Users/nimeshranjan/Downloads/us.sitesucker.mac.sitesucker-pro/airton.shop/collections/cache-climatiseur.html”, failed with error code 404 (not found)
05/07/26, 12:00:20 AM - ERROR: Download of “https://monorail-edge.shopifysvc.com”, referred from “/Users/nimeshranjan/Downloads/us.sitesucker.mac.sitesucker-pro/airton.shop/collections/module-wifi.html”, failed with error code 404 (not found)
05/07/26, 12:00:20 AM - ERROR: Download of “https://monorail-edge.shopifysvc.com”, referred from “/Users/nimeshranjan/Downloads/us.sitesucker.mac.sitesucker-pro/airton.shop/index.html”, failed with error code 404 (not found)
05/07/26, 12:00:20 AM - ERROR: Download of “https://monorail-edge.shopifysvc.com”, referred from “/Users/nimeshranjan/Downloads/us.sitesucker.mac.sitesucker-pro/airton.shop/collections/accessoires-installation-climatiseur-reversible.html”, failed with error code 404 (not found)
05/07/26, 12:00:20 AM - ERROR: Download of “https://monorail-edge.shopifysvc.com”, referred from “/Users/nimeshranjan/Downloads/us.sitesucker.mac.sitesucker-pro/airton.shop/products/liaison-ready-clim.html”, failed with error code 404 (not found)
05/07/26, 12:00:20 AM - ERROR: Download of “https://monorail-edge.shopifysvc.com”, referred from “/Users/nimeshranjan/Downloads/us.sitesucker.mac.sitesucker-pro/airton.shop/products/monobloc-star-12hp-2-4-kw.html”, failed with error code 404 (not found)
05/07/26, 12:00:20 AM - ERROR: Download of “https://monorail-edge.shopifysvc.com”, referred from “/Users/nimeshranjan/Downloads/us.sitesucker.mac.sitesucker-pro/airton.shop/collections/climatiseur-reversible-pompe-chaleur-air-air.html”, failed with error code 404 (not found)
05/07/26, 12:00:20 AM - ERROR: Download of “https://fonts.shopifycdn.com”, referred from “/Users/nimeshranjan/Downloads/us.sitesucker.mac.sitesucker-pro/airton.shop/products/climatiseur-fixe-reversible.html”, failed with error code 404 (not found)
05/07/26, 12:00:20 AM - ERROR: Download of “https://fonts.shopifycdn.com”, referred from “/Users/nimeshranjan/Downloads/us.sitesucker.mac.sitesucker-pro/airton.shop/products/cle-module-wifi-airton.html”, failed with error code 404 (not found)
05/07/26, 12:00:20 AM - ERROR: Download of “https://fonts.shopifycdn.com”, referred from “/Users/nimeshranjan/Downloads/us.sitesucker.mac.sitesucker-pro/airton.shop/products/cache-clim.html”, failed with error code 404 (not found)
05/07/26, 12:00:20 AM - ERROR: Download of “https://monorail-edge.shopifysvc.com”, referred from “/Users/nimeshranjan/Downloads/us.sitesucker.mac.sitesucker-pro/airton.shop/products/climatiseur-fixe-reversible.html”, failed with error code 404 (not found)
05/07/26, 12:00:20 AM - ERROR: Download of “https://airton.shop/api/collect”, referred from “/Users/nimeshranjan/Downloads/us.sitesucker.mac.sitesucker-pro/airton.shop/products/climatiseur-fixe-reversible.html”, failed with error code 404 (not found)
05/07/26, 12:00:20 AM - ERROR: Download of “https://monorail-edge.shopifysvc.com”, referred from “/Users/nimeshranjan/Downloads/us.sitesucker.mac.sitesucker-pro/airton.shop/products/cle-module-wifi-airton.html”, failed with error code 404 (not found)
05/07/26, 12:00:20 AM - ERROR: Download of “https://airton.shop/api/collect”, referred from “/Users/nimeshranjan/Downloads/us.sitesucker.mac.sitesucker-pro/airton.shop/products/cle-module-wifi-airton.html”, failed with error code 404 (not found)
05/07/26, 12:00:20 AM - ERROR: Download of “https://monorail-edge.shopifysvc.com”, referred from “/Users/nimeshranjan/Downloads/us.sitesucker.mac.sitesucker-pro/airton.shop/products/cache-clim.html”, failed with error code 404 (not found)
05/07/26, 12:00:20 AM - ERROR: Download of “https://airton.shop/api/collect”, referred from “/Users/nimeshranjan/Downloads/us.sitesucker.mac.sitesucker-pro/airton.shop/products/cache-clim.html”, failed with error code 404 (not found)
05/07/26, 12:00:20 AM - ERROR: Download of “https://fonts.shopifycdn.com”, referred from “/Users/nimeshranjan/Downloads/us.sitesucker.mac.sitesucker-pro/airton.shop/products/support-mural-reglable-a-niveau-integre.html”, failed with error code 404 (not found)
05/07/26, 12:00:20 AM - ERROR: Download of “https://monorail-edge.shopifysvc.com”, referred from “/Users/nimeshranjan/Downloads/us.sitesucker.mac.sitesucker-pro/airton.shop/products/support-mural-reglable-a-niveau-integre.html”, failed with error code 404 (not found)
05/07/26, 12:00:20 AM - ERROR: Download of “https://airton.shop/api/collect”, referred from “/Users/nimeshranjan/Downloads/us.sitesucker.mac.sitesucker-pro/airton.shop/products/support-mural-reglable-a-niveau-integre.html”, failed with error code 404 (not found)
05/07/26, 12:00:20 AM - ERROR: Download of “https://fonts.shopifycdn.com”, referred from “/Users/nimeshranjan/Downloads/us.sitesucker.mac.sitesucker-pro/airton.shop/products/airton-connecteur-r32-union-raccord-inter-liaison-readyclim-1-4-3-8.html”, failed with error code 404 (not found)
05/07/26, 12:00:20 AM - ERROR: Download of “https://fonts.shopifycdn.com”, referred from “/Users/nimeshranjan/Downloads/us.sitesucker.mac.sitesucker-pro/airton.shop/products/pompe-a-chaleur-climatiseur-bisplit.html”, failed with error code 404 (not found)
05/07/26, 12:00:20 AM - ERROR: Download of “https://monorail-edge.shopifysvc.com”, referred from “/Users/nimeshranjan/Downloads/us.sitesucker.mac.sitesucker-pro/airton.shop/products/airton-connecteur-r32-union-raccord-inter-liaison-readyclim-1-4-3-8.html”, failed with error code 404 (not found)
05/07/26, 12:00:20 AM - ERROR: Download of “https://airton.shop/api/collect”, referred from “/Users/nimeshranjan/Downloads/us.sitesucker.mac.sitesucker-pro/airton.shop/products/airton-connecteur-r32-union-raccord-inter-liaison-readyclim-1-4-3-8.html”, failed with error code 404 (not found)
05/07/26, 12:00:20 AM - ERROR: Download of “https://monorail-edge.shopifysvc.com”, referred from “/Users/nimeshranjan/Downloads/us.sitesucker.mac.sitesucker-pro/airton.shop/products/pompe-a-chaleur-climatiseur-bisplit.html”, failed with error code 404 (not found)
05/07/26, 12:00:20 AM - ERROR: Download of “https://airton.shop/api/collect”, referred from “/Users/nimeshranjan/Downloads/us.sitesucker.mac.sitesucker-pro/airton.shop/products/pompe-a-chaleur-climatiseur-bisplit.html”, failed with error code 404 (not found)
05/07/26, 12:00:21 AM - ERROR: Download of “https://fonts.shopifycdn.com”, referred from “/Users/nimeshranjan/Downloads/us.sitesucker.mac.sitesucker-pro/airton.shop/products/support-mural-traditionnel-avec-equerres.html”, failed with error code 404 (not found)
05/07/26, 12:00:21 AM - ERROR: Download of “https://fonts.shopifycdn.com”, referred from “/Users/nimeshranjan/Downloads/us.sitesucker.mac.sitesucker-pro/airton.shop/products/demande-devis-installation.html”, failed with error code 404 (not found)
05/07/26, 12:00:21 AM - ERROR: Download of “https://monorail-edge.shopifysvc.com”, referred from “/Users/nimeshranjan/Downloads/us.sitesucker.mac.sitesucker-pro/airton.shop/products/support-mural-traditionnel-avec-equerres.html”, failed with error code 404 (not found)
05/07/26, 12:00:21 AM - ERROR: Download of “https://airton.shop/api/collect”, referred from “/Users/nimeshranjan/Downloads/us.sitesucker.mac.sitesucker-pro/airton.shop/products/support-mural-traditionnel-avec-equerres.html”, failed with error code 404 (not found)
05/07/26, 12:00:21 AM - ERROR: Download of “https://monorail-edge.shopifysvc.com”, referred from “/Users/nimeshranjan/Downloads/us.sitesucker.mac.sitesucker-pro/airton.shop/products/demande-devis-installation.html”, failed with error code 404 (not found)
05/07/26, 12:00:21 AM - ERROR: Download of “https://airton.shop/api/collect”, referred from “/Users/nimeshranjan/Downloads/us.sitesucker.mac.sitesucker-pro/airton.shop/products/demande-devis-installation.html”, failed with error code 404 (not found)
05/07/26, 12:00:21 AM - ERROR: Download of “https://fonts.shopifycdn.com”, referred from “/Users/nimeshranjan/Downloads/us.sitesucker.mac.sitesucker-pro/airton.shop/pages/pack-serenite.html”, failed with error code 404 (not found)
05/07/26, 12:00:21 AM - ERROR: Download of “https://fonts.shopifycdn.com”, referred from “/Users/nimeshranjan/Downloads/us.sitesucker.mac.sitesucker-pro/airton.shop/pages/garantie-premium.html”, failed with error code 404 (not found)
05/07/26, 12:00:21 AM - ERROR: Download of “https://monorail-edge.shopifysvc.com”, referred from “/Users/nimeshranjan/Downloads/us.sitesucker.mac.sitesucker-pro/airton.shop/pages/pack-serenite.html”, failed with error code 404 (not found)
05/07/26, 12:00:21 AM - ERROR: Download of “https://airton.shop/api/collect”, referred from “/Users/nimeshranjan/Downloads/us.sitesucker.mac.sitesucker-pro/airton.shop/pages/pack-serenite.html”, failed with error code 404 (not found)
05/07/26, 12:00:21 AM - ERROR: Download of “https://monorail-edge.shopifysvc.com”, referred from “/Users/nimeshranjan/Downloads/us.sitesucker.mac.sitesucker-pro/airton.shop/pages/garantie-premium.html”, failed with error code 404 (not found)
05/07/26, 12:00:21 AM - ERROR: Download of “https://airton.shop/api/collect”, referred from “/Users/nimeshranjan/Downloads/us.sitesucker.mac.sitesucker-pro/airton.shop/pages/garantie-premium.html”, failed with error code 404 (not found)
05/07/26, 12:00:21 AM - ERROR: Download of “https://fonts.shopifycdn.com”, referred from “/Users/nimeshranjan/Downloads/us.sitesucker.mac.sitesucker-pro/airton.shop/products/contrat-entretien-annuel.html”, failed with error code 404 (not found)
05/07/26, 12:00:21 AM - ERROR: Download of “https://monorail-edge.shopifysvc.com”, referred from “/Users/nimeshranjan/Downloads/us.sitesucker.mac.sitesucker-pro/airton.shop/products/contrat-entretien-annuel.html”, failed with error code 404 (not found)
05/07/26, 12:00:21 AM - ERROR: Download of “https://airton.shop/api/collect”, referred from “/Users/nimeshranjan/Downloads/us.sitesucker.mac.sitesucker-pro/airton.shop/products/contrat-entretien-annuel.html”, failed with error code 404 (not found)
05/07/26, 12:00:21 AM - ERROR: Download of “https://fonts.shopifycdn.com”, referred from “/Users/nimeshranjan/Downloads/us.sitesucker.mac.sitesucker-pro/airton.shop/pages/a-propos.html”, failed with error code 404 (not found)
05/07/26, 12:00:21 AM - ERROR: Download of “https://fonts.shopifycdn.com”, referred from “/Users/nimeshranjan/Downloads/us.sitesucker.mac.sitesucker-pro/airton.shop/pages/livraison.html”, failed with error code 404 (not found)
05/07/26, 12:00:21 AM - ERROR: Download of “https://monorail-edge.shopifysvc.com”, referred from “/Users/nimeshranjan/Downloads/us.sitesucker.mac.sitesucker-pro/airton.shop/pages/a-propos.html”, failed with error code 404 (not found)
05/07/26, 12:00:21 AM - ERROR: Download of “https://airton.shop/api/collect”, referred from “/Users/nimeshranjan/Downloads/us.sitesucker.mac.sitesucker-pro/airton.shop/pages/a-propos.html”, failed with error code 404 (not found)
05/07/26, 12:00:21 AM - ERROR: Download of “https://fonts.shopifycdn.com”, referred from “/Users/nimeshranjan/Downloads/us.sitesucker.mac.sitesucker-pro/airton.shop/pages/avis-clients-trustpilot.html”, failed with error code 404 (not found)
05/07/26, 12:00:21 AM - ERROR: Download of “https://monorail-edge.shopifysvc.com”, referred from “/Users/nimeshranjan/Downloads/us.sitesucker.mac.sitesucker-pro/airton.shop/pages/livraison.html”, failed with error code 404 (not found)
05/07/26, 12:00:21 AM - ERROR: Download of “https://airton.shop/api/collect”, referred from “/Users/nimeshranjan/Downloads/us.sitesucker.mac.sitesucker-pro/airton.shop/pages/livraison.html”, failed with error code 404 (not found)
05/07/26, 12:00:21 AM - ERROR: Download of “https://fonts.shopifycdn.com”, referred from “/Users/nimeshranjan/Downloads/us.sitesucker.mac.sitesucker-pro/airton.shop/pages/contact.html”, failed with error code 404 (not found)
05/07/26, 12:00:21 AM - ERROR: Download of “https://monorail-edge.shopifysvc.com”, referred from “/Users/nimeshranjan/Downloads/us.sitesucker.mac.sitesucker-pro/airton.shop/pages/avis-clients-trustpilot.html”, failed with error code 404 (not found)
05/07/26, 12:00:21 AM - ERROR: Download of “https://airton.shop/api/collect”, referred from “/Users/nimeshranjan/Downloads/us.sitesucker.mac.sitesucker-pro/airton.shop/pages/avis-clients-trustpilot.html”, failed with error code 404 (not found)
05/07/26, 12:00:21 AM - ERROR: Download of “https://fonts.shopifycdn.com”, referred from “/Users/nimeshranjan/Downloads/us.sitesucker.mac.sitesucker-pro/airton.shop/pages/sav.html”, failed with error code 404 (not found)
05/07/26, 12:00:21 AM - ERROR: Download of “https://monorail-edge.shopifysvc.com”, referred from “/Users/nimeshranjan/Downloads/us.sitesucker.mac.sitesucker-pro/airton.shop/pages/contact.html”, failed with error code 404 (not found)
05/07/26, 12:00:21 AM - ERROR: Download of “https://airton.shop/api/collect”, referred from “/Users/nimeshranjan/Downloads/us.sitesucker.mac.sitesucker-pro/airton.shop/pages/contact.html”, failed with error code 404 (not found)
05/07/26, 12:00:21 AM - ERROR: Download of “https://monorail-edge.shopifysvc.com”, referred from “/Users/nimeshranjan/Downloads/us.sitesucker.mac.sitesucker-pro/airton.shop/pages/sav.html”, failed with error code 404 (not found)
05/07/26, 12:00:21 AM - ERROR: Download of “https://airton.shop/api/collect”, referred from “/Users/nimeshranjan/Downloads/us.sitesucker.mac.sitesucker-pro/airton.shop/pages/sav.html”, failed with error code 404 (not found)
05/07/26, 12:00:21 AM - ERROR: Download of “https://fonts.shopifycdn.com”, referred from “/Users/nimeshranjan/Downloads/us.sitesucker.mac.sitesucker-pro/airton.shop/pages/questions-frequentes.html”, failed with error code 404 (not found)
05/07/26, 12:00:21 AM - ERROR: Download of “https://fonts.shopifycdn.com”, referred from “/Users/nimeshranjan/Downloads/us.sitesucker.mac.sitesucker-pro/airton.shop/search.html”, failed with error code 404 (not found)
05/07/26, 12:00:21 AM - ERROR: Download of “https://monorail-edge.shopifysvc.com”, referred from “/Users/nimeshranjan/Downloads/us.sitesucker.mac.sitesucker-pro/airton.shop/pages/questions-frequentes.html”, failed with error code 404 (not found)
05/07/26, 12:00:21 AM - ERROR: Download of “https://airton.shop/api/collect”, referred from “/Users/nimeshranjan/Downloads/us.sitesucker.mac.sitesucker-pro/airton.shop/pages/questions-frequentes.html”, failed with error code 404 (not found)
05/07/26, 12:00:21 AM - ERROR: Download of “https://monorail-edge.shopifysvc.com”, referred from “/Users/nimeshranjan/Downloads/us.sitesucker.mac.sitesucker-pro/airton.shop/search.html”, failed with error code 404 (not found)
05/07/26, 12:00:21 AM - ERROR: Download of “https://airton.shop/api/collect”, referred from “/Users/nimeshranjan/Downloads/us.sitesucker.mac.sitesucker-pro/airton.shop/search.html”, failed with error code 404 (not found)
05/07/26, 12:00:21 AM - ERROR: Download of “https://fonts.shopifycdn.com”, referred from “/Users/nimeshranjan/Downloads/us.sitesucker.mac.sitesucker-pro/airton.shop/cart.html”, failed with error code 404 (not found)
05/07/26, 12:00:21 AM - ERROR: Download of “https://monorail-edge.shopifysvc.com”, referred from “/Users/nimeshranjan/Downloads/us.sitesucker.mac.sitesucker-pro/airton.shop/cart.html”, failed with error code 404 (not found)
05/07/26, 12:00:21 AM - ERROR: Download of “https://airton.shop/api/collect”, referred from “/Users/nimeshranjan/Downloads/us.sitesucker.mac.sitesucker-pro/airton.shop/cart.html”, failed with error code 404 (not found)
05/07/26, 12:00:25 AM - Memory pressure has become elevated
05/07/26, 12:02:11 AM - Memory pressure has returned to normal
05/07/26, 12:02:35 AM - ERROR: Download of “https://fonts.shopifycdn.com”, referred from “/Users/nimeshranjan/Downloads/us.sitesucker.mac.sitesucker-pro/airton.shop/products/climatiseur-reversible-airstorm-pompe-a-chaleur-air-air-pac.html”, failed with error code 404 (not found)
05/07/26, 12:02:35 AM - ERROR: Download of “https://monorail-edge.shopifysvc.com”, referred from “/Users/nimeshranjan/Downloads/us.sitesucker.mac.sitesucker-pro/airton.shop/products/climatiseur-reversible-airstorm-pompe-a-chaleur-air-air-pac.html”, failed with error code 404 (not found)
05/07/26, 12:02:35 AM - ERROR: Download of “https://airton.shop/api/collect”, referred from “/Users/nimeshranjan/Downloads/us.sitesucker.mac.sitesucker-pro/airton.shop/products/climatiseur-reversible-airstorm-pompe-a-chaleur-air-air-pac.html”, failed with error code 404 (not found)
05/07/26, 12:02:36 AM - ERROR: Download of “https://fonts.shopifycdn.com”, referred from “/Users/nimeshranjan/Downloads/us.sitesucker.mac.sitesucker-pro/airton.shop/products/climatiseur-reversible-fixe-mural-a.html”, failed with error code 404 (not found)
05/07/26, 12:02:36 AM - ERROR: Download of “https://monorail-edge.shopifysvc.com”, referred from “/Users/nimeshranjan/Downloads/us.sitesucker.mac.sitesucker-pro/airton.shop/products/climatiseur-reversible-fixe-mural-a.html”, failed with error code 404 (not found)
05/07/26, 12:02:36 AM - ERROR: Download of “https://airton.shop/api/collect”, referred from “/Users/nimeshranjan/Downloads/us.sitesucker.mac.sitesucker-pro/airton.shop/products/climatiseur-reversible-fixe-mural-a.html”, failed with error code 404 (not found)
05/07/26, 12:02:36 AM - ERROR: Download of “https://fonts.shopifycdn.com”, referred from “/Users/nimeshranjan/Downloads/us.sitesucker.mac.sitesucker-pro/airton.shop/products/climatiseur-reversible-quadrisplit-x4-pompe-a-chaleur-air-air-pac.html”, failed with error code 404 (not found)
05/07/26, 12:02:36 AM - ERROR: Download of “https://monorail-edge.shopifysvc.com”, referred from “/Users/nimeshranjan/Downloads/us.sitesucker.mac.sitesucker-pro/airton.shop/products/climatiseur-reversible-quadrisplit-x4-pompe-a-chaleur-air-air-pac.html”, failed with error code 404 (not found)
05/07/26, 12:02:36 AM - ERROR: Download of “https://airton.shop/api/collect”, referred from “/Users/nimeshranjan/Downloads/us.sitesucker.mac.sitesucker-pro/airton.shop/products/climatiseur-reversible-quadrisplit-x4-pompe-a-chaleur-air-air-pac.html”, failed with error code 404 (not found)
05/07/26, 12:02:36 AM - ERROR: Download of “https://fonts.shopifycdn.com”, referred from “/Users/nimeshranjan/Downloads/us.sitesucker.mac.sitesucker-pro/airton.shop/products/climatiseur-trisplit-reversible-2600w-2600w-3500w-30m-30m-40m.html”, failed with error code 404 (not found)
05/07/26, 12:02:36 AM - ERROR: Download of “https://monorail-edge.shopifysvc.com”, referred from “/Users/nimeshranjan/Downloads/us.sitesucker.mac.sitesucker-pro/airton.shop/products/climatiseur-trisplit-reversible-2600w-2600w-3500w-30m-30m-40m.html”, failed with error code 404 (not found)
05/07/26, 12:02:36 AM - ERROR: Download of “https://airton.shop/api/collect”, referred from “/Users/nimeshranjan/Downloads/us.sitesucker.mac.sitesucker-pro/airton.shop/products/climatiseur-trisplit-reversible-2600w-2600w-3500w-30m-30m-40m.html”, failed with error code 404 (not found)

---------------------
